[debug] [2022-04-08T10:55:51.850Z] ----------------------------------------------------------------------
[debug] [2022-04-08T10:55:51.852Z] Command:       C:\Program Files\nodejs\node.exe C:\Users\himdr\AppData\Roaming\npm\node_modules\firebase-tools\lib\bin\firebase.js init
[debug] [2022-04-08T10:55:51.852Z] CLI Version:   10.5.0
[debug] [2022-04-08T10:55:51.852Z] Platform:      win32
[debug] [2022-04-08T10:55:51.852Z] Node Version:  v16.13.1
[debug] [2022-04-08T10:55:51.853Z] Time:          Fri Apr 08 2022 16:55:51 GMT+0600 (Bangladesh Standard Time)
[debug] [2022-04-08T10:55:51.854Z] ----------------------------------------------------------------------
[debug] 
[debug] [2022-04-08T10:55:51.913Z] > command requires scopes: ["email","openid","https://www.googleapis.com/auth/cloudplatformprojects.readonly","https://www.googleapis.com/auth/firebase","https://www.googleapis.com/auth/cloud-platform"]
[debug] [2022-04-08T10:55:51.913Z] > authorizing via signed-in user (himdrakibulislam@gmail.com)
[info] 
     ######## #### ########  ######## ########     ###     ######  ########
     ##        ##  ##     ## ##       ##     ##  ##   ##  ##       ##
     ######    ##  ########  ######   ########  #########  ######  ######
     ##        ##  ##    ##  ##       ##     ## ##     ##       ## ##
     ##       #### ##     ## ######## ########  ##     ##  ######  ########

You're about to initialize a Firebase project in this directory:

  C:\Users\himdr\Desktop\Web-development\Travel Warrior

Before we get started, keep in mind:

  * You are initializing within an existing Firebase project directory

[info] 
=== Project Setup
[info] 
[info] First, let's associate this project directory with a Firebase project.
[info] You can create multiple project aliases by running firebase use --add, 
[info] but for now we'll just set up a default project.
[info] 
[debug] [2022-04-08T10:56:05.983Z] Using project from CLI flag: travel-warrior
[debug] [2022-04-08T10:56:05.987Z] >>> [apiv2][query] GET https://firebase.googleapis.com/v1beta1/projects/travel-warrior [none]
[debug] [2022-04-08T10:56:06.498Z] <<< [apiv2][status] GET https://firebase.googleapis.com/v1beta1/projects/travel-warrior 200
[debug] [2022-04-08T10:56:06.498Z] <<< [apiv2][body] GET https://firebase.googleapis.com/v1beta1/projects/travel-warrior {"projectId":"travel-warrior","projectNumber":"819840120155","displayName":"Travel-Warrior","name":"projects/travel-warrior","resources":{"hostingSite":"travel-warrior"},"state":"ACTIVE"}
[info] i  Using project travel-warrior (Travel-Warrior) 
[info] 
=== Hosting Setup
[info] 
[info] Your public directory is the folder (relative to your project directory) that
[info] will contain Hosting assets to be uploaded with firebase deploy. If you
[info] have a build process for your assets, use your build's output directory.
[info] 
[info] +  Wrote n/404.html 
[debug] [2022-04-08T10:56:19.648Z] >>> [apiv2][query] GET https://www.gstatic.com/firebasejs/releases.json [none]
[debug] [2022-04-08T10:56:19.826Z] <<< [apiv2][status] GET https://www.gstatic.com/firebasejs/releases.json 200
[debug] [2022-04-08T10:56:19.826Z] <<< [apiv2][body] GET https://www.gstatic.com/firebasejs/releases.json {"current":{"version":"9.6.10","browserURL":"https://www.gstatic.com/firebasejs/9.6.10/firebase.js","packageURL":"https://www.gstatic.com/firebasejs/9.6.10/firebase.tgz"},"live":{"version":"9.6","browserURL":"https://www.gstatic.com/firebasejs/live/9.6/firebase.js","packageURL":"https://www.gstatic.com/firebasejs/live/9.6/firebase.tgz"},"components":{"analytics":"https://www.gstatic.com/firebasejs/9.6.10/firebase-analytics.js","app":"https://www.gstatic.com/firebasejs/9.6.10/firebase-app.js","app-check":"https://www.gstatic.com/firebasejs/9.6.10/firebase-app-check.js","auth":"https://www.gstatic.com/firebasejs/9.6.10/firebase-auth.js","auth/cordova":"https://www.gstatic.com/firebasejs/9.6.10/firebase-auth/cordova.js","auth/react-native":"https://www.gstatic.com/firebasejs/9.6.10/firebase-auth/react-native.js","functions":"https://www.gstatic.com/firebasejs/9.6.10/firebase-functions.js","firestore":"https://www.gstatic.com/firebasejs/9.6.10/firebase-firestore.js","firestore/lite":"https://www.gstatic.com/firebasejs/9.6.10/firebase-firestore/lite.js","storage":"https://www.gstatic.com/firebasejs/9.6.10/firebase-storage.js","performance":"https://www.gstatic.com/firebasejs/9.6.10/firebase-performance.js","remote-config":"https://www.gstatic.com/firebasejs/9.6.10/firebase-remote-config.js","messaging":"https://www.gstatic.com/firebasejs/9.6.10/firebase-messaging.js","messaging/sw":"https://www.gstatic.com/firebasejs/9.6.10/firebase-messaging/sw.js","database":"https://www.gstatic.com/firebasejs/9.6.10/firebase-database.js","firestore.memory":"https://www.gstatic.com/firebasejs/9.6.10/firebase-firestore.memory.js"}}
[info] +  Wrote n/index.html 
[info] 
[info] i  Detected a .git folder at C:\Users\himdr 
[info] i  Authorizing with GitHub to upload your service account to a GitHub repository's secrets store. 
[info] 
[info] Visit this URL on this device to log in:
[info] https://github.com/login/oauth/authorize?client_id=89cf50f02ac6aaed3484&state=841317145&redirect_uri=http%3A%2F%2Flocalhost%3A9005&scope=read%3Auser%20repo%20public_repo
[info] 
[info] Waiting for authentication...
